<?xml version="1.0" encoding="UTF-8"?>
<!-- Generated by org.testng.reporters.JUnitXMLReporter -->
<testsuite hostname="IND-L-UAnshul" name="Registration Form" tests="10" failures="0" timestamp="5 Jul 2018 05:51:41 GMT" time="111.582" errors="0">
  <testcase name="testPageRegistration" time="3.831" classname="com.deltax.automation.uitest.RegistrationPage.TestRegistrationPage"/>
  <testcase name="testPageRegistration" time="3.546" classname="com.deltax.automation.uitest.RegistrationPage.TestRegistrationPage"/>
  <testcase name="testPageRegistration" time="3.545" classname="com.deltax.automation.uitest.RegistrationPage.TestRegistrationPage"/>
  <testcase name="testRegistrationFormWithInvalidInput" time="0.516" classname="com.deltax.automation.uitest.RegistrationPage.TestRegistrationPage"/>
  <testcase name="testRegistrationFormWithInvalidInput" time="0.799" classname="com.deltax.automation.uitest.RegistrationPage.TestRegistrationPage"/>
  <testcase name="testRegistrationFormWithInvalidInput" time="0.321" classname="com.deltax.automation.uitest.RegistrationPage.TestRegistrationPage"/>
  <testcase name="testRegistrationFormWithInvalidInput" time="1.132" classname="com.deltax.automation.uitest.RegistrationPage.TestRegistrationPage"/>
  <testcase name="testRegistrationFormWithInvalidInput" time="1.257" classname="com.deltax.automation.uitest.RegistrationPage.TestRegistrationPage"/>
  <testcase name="validateDepartmentType" time="0.124" classname="com.deltax.automation.uitest.RegistrationPage.TestRegistrationPage"/>
  <testcase name="validateRegistrationForm" time="0.29" classname="com.deltax.automation.uitest.RegistrationPage.TestRegistrationPage"/>
</testsuite> <!-- Registration Form -->
